<?xml version="1.0" encoding="UTF-8"?>
<!-- Generated by org.testng.reporters.JUnitXMLReporter -->
<testsuite hostname="Kushum" ignored="0" name="Command line test" tests="2" failures="0" timestamp="08 Jan 2021 07:29:27 GMT" time="20.861" errors="0">
  <testcase name="@BeforeMethod launchBrowser" time="20.687" classname="test.LoginTest">
    <failure type="org.openqa.selenium.SessionNotCreatedException" message="session not created: This version of ChromeDriver only supports Chrome version 76
Build info: version: &amp;apos;3.14.0&amp;apos;, revision: &amp;apos;aacccce0&amp;apos;, time: &amp;apos;2018-08-02T20:19:58.91Z&amp;apos;
System info: host: &amp;apos;KUSHUM&amp;apos;, ip: &amp;apos;192.168.1.79&amp;apos;, os.name: &amp;apos;Windows 10&amp;apos;, os.arch: &amp;apos;amd64&amp;apos;, os.version: &amp;apos;10.0&amp;apos;, java.version: &amp;apos;1.8.0_191&amp;apos;
Driver info: driver.version: ChromeDriver
remote stacktrace: Backtrace:
	Ordinal0 [0x009E7C93+1473683]
	Ordinal0 [0x0096ADB1+961969]
	Ordinal0 [0x008F42E3+475875]
	Ordinal0 [0x0088F365+62309]
	Ordinal0 [0x0088BC77+48247]
	Ordinal0 [0x008A9149+168265]
	Ordinal0 [0x008A8D1D+167197]
	Ordinal0 [0x008A742B+160811]
	Ordinal0 [0x00890AE6+68326]
	Ordinal0 [0x00891BF0+72688]
	Ordinal0 [0x00891B89+72585]
	Ordinal0 [0x00984B77+1067895]
	GetHandleVerifier [0x00A86875+506677]
	GetHandleVerifier [0x00A86610+506064]
	GetHandleVerifier [0x00A8D1B8+533624]
	GetHandleVerifier [0x00A8704A+508682]
	Ordinal0 [0x0097C266+1032806]
	Ordinal0 [0x0097C0DF+1032415]
	Ordinal0 [0x00986A8B+1075851]
	Ordinal0 [0x00986BF3+1076211]
	Ordinal0 [0x00985BA5+1072037]
	BaseThreadInitThunk [0x7642FA29+25]
	RtlGetAppContainerNamedObjectPath [0x778075F4+228]
	RtlGetAppContainerNamedObjectPath [0x778075C4+180]
">
      <![CDATA[org.openqa.selenium.SessionNotCreatedException: session not created: This version of ChromeDriver only supports Chrome version 76
Build info: version: '3.14.0', revision: 'aacccce0', time: '2018-08-02T20:19:58.91Z'
System info: host: 'KUSHUM', ip: '192.168.1.79', os.name: 'Windows 10', os.arch: 'amd64', os.version: '10.0', java.version: '1.8.0_191'
Driver info: driver.version: ChromeDriver
remote stacktrace: Backtrace:
Ordinal0 [0x009E7C93+1473683]
Ordinal0 [0x0096ADB1+961969]
Ordinal0 [0x008F42E3+475875]
Ordinal0 [0x0088F365+62309]
Ordinal0 [0x0088BC77+48247]
Ordinal0 [0x008A9149+168265]
Ordinal0 [0x008A8D1D+167197]
Ordinal0 [0x008A742B+160811]
Ordinal0 [0x00890AE6+68326]
Ordinal0 [0x00891BF0+72688]
Ordinal0 [0x00891B89+72585]
Ordinal0 [0x00984B77+1067895]
GetHandleVerifier [0x00A86875+506677]
GetHandleVerifier [0x00A86610+506064]
GetHandleVerifier [0x00A8D1B8+533624]
GetHandleVerifier [0x00A8704A+508682]
Ordinal0 [0x0097C266+1032806]
Ordinal0 [0x0097C0DF+1032415]
Ordinal0 [0x00986A8B+1075851]
Ordinal0 [0x00986BF3+1076211]
Ordinal0 [0x00985BA5+1072037]
BaseThreadInitThunk [0x7642FA29+25]
RtlGetAppContainerNamedObjectPath [0x778075F4+228]
RtlGetAppContainerNamedObjectPath [0x778075C4+180]

at org.openqa.selenium.remote.W3CHandshakeResponse.lambda$new$0(W3CHandshakeResponse.java:57)
at org.openqa.selenium.remote.W3CHandshakeResponse.lambda$getResponseFunction$2(W3CHandshakeResponse.java:104)
at org.openqa.selenium.remote.ProtocolHandshake.lambda$createSession$0(ProtocolHandshake.java:122)
at java.util.stream.ReferencePipeline$3$1.accept(ReferencePipeline.java:193)
at java.util.Spliterators$ArraySpliterator.tryAdvance(Spliterators.java:958)
at java.util.stream.ReferencePipeline.forEachWithCancel(ReferencePipeline.java:126)
at java.util.stream.AbstractPipeline.copyIntoWithCancel(AbstractPipeline.java:498)
at java.util.stream.AbstractPipeline.copyInto(AbstractPipeline.java:485)
at java.util.stream.AbstractPipeline.wrapAndCopyInto(AbstractPipeline.java:471)
at java.util.stream.FindOps$FindOp.evaluateSequential(FindOps.java:152)
at java.util.stream.AbstractPipeline.evaluate(AbstractPipeline.java:234)
at java.util.stream.ReferencePipeline.findFirst(ReferencePipeline.java:464)
at org.openqa.selenium.remote.ProtocolHandshake.createSession(ProtocolHandshake.java:125)
at org.openqa.selenium.remote.ProtocolHandshake.createSession(ProtocolHandshake.java:73)
at org.openqa.selenium.remote.HttpCommandExecutor.execute(HttpCommandExecutor.java:136)
at org.openqa.selenium.remote.service.DriverCommandExecutor.execute(DriverCommandExecutor.java:83)
at org.openqa.selenium.remote.RemoteWebDriver.execute(RemoteWebDriver.java:548)
at org.openqa.selenium.remote.RemoteWebDriver.startSession(RemoteWebDriver.java:212)
at org.openqa.selenium.remote.RemoteWebDriver.<init>(RemoteWebDriver.java:130)
at org.openqa.selenium.chrome.ChromeDriver.<init>(ChromeDriver.java:181)
at org.openqa.selenium.chrome.ChromeDriver.<init>(ChromeDriver.java:168)
at org.openqa.selenium.chrome.ChromeDriver.<init>(ChromeDriver.java:123)
at util.BrowserFactory.startBrowser(BrowserFactory.java:15)
at test.LoginTest.launchBrowser(LoginTest.java:21)
... Removed 41 stack frames]]>
    </failure>
  </testcase> <!-- @BeforeMethod launchBrowser -->
  <testcase name="@AfterMethod close" time="0.0" classname="test.LoginTest">
    <skipped/>
  </testcase> <!-- @AfterMethod close -->
  <testcase name="@BeforeMethod launchBrowser" time="0.0" classname="test.LoginTest">
    <skipped/>
  </testcase> <!-- @BeforeMethod launchBrowser -->
  <testcase name="@AfterMethod close" time="0.0" classname="test.LoginTest">
    <skipped/>
  </testcase> <!-- @AfterMethod close -->
  <testcase name="validUserShouldBeAbleToLogin" time="0.0" classname="test.LoginTest">
    <skipped/>
  </testcase> <!-- validUserShouldBeAbleToLogin -->
  <testcase name="invalidUserShouldBeAbleToLogin" time="0.0" classname="test.LoginTest">
    <skipped/>
  </testcase> <!-- invalidUserShouldBeAbleToLogin -->
</testsuite> <!-- Command line test -->
